<?xml version="1.0" encoding="UTF-8"?>
<testsuite xmlns:xsi="http://www.w3.org/2001/XMLSchema-instance" xsi:noNamespaceSchemaLocation="https://maven.apache.org/surefire/maven-surefire-plugin/xsd/surefire-test-report.xsd" version="3.0.2" name="br.edu.unifio.ecommerce.EcommerceApplicationTests" time="7.409" tests="1" errors="0" skipped="0" failures="0" flakes="0">
  <properties>
[...]
</properties>
  <testcase name="contextLoads" classname="br.edu.unifio.ecommerce.EcommerceApplicationTests" time="0.643">
    <system-out><![CDATA[19:57:14.267 [main] INFO org.springframework.test.context.support.AnnotationConfigContextLoaderUtils -- Could not detect default configuration classes for test class [br.edu.unifio.ecommerce.EcommerceApplicationTests]: EcommerceApplicationTests does not declare any static, non-private, non-final, nested classes annotated with @Configuration.
19:57:14.467 [main] INFO org.springframework.boot.test.context.SpringBootTestContextBootstrapper -- Found @SpringBootConfiguration br.edu.unifio.ecommerce.EcommerceApplication for test class br.edu.unifio.ecommerce.EcommerceApplicationTests
19:57:14.635 [main] INFO org.springframework.test.context.support.AnnotationConfigContextLoaderUtils -- Could not detect default configuration classes for test class [br.edu.unifio.ecommerce.EcommerceApplicationTests]: EcommerceApplicationTests does not declare any static, non-private, non-final, nested classes annotated with @Configuration.
19:57:14.637 [main] INFO org.springframework.boot.test.context.SpringBootTestContextBootstrapper -- Found @SpringBootConfiguration br.edu.unifio.ecommerce.EcommerceApplication for test class br.edu.unifio.ecommerce.EcommerceApplicationTests

  .   ____          _            __ _ _
 /\\ / ___'_ __ _ _(_)_ __  __ _ \ \ \ \
( ( )\___ | '_ | '_| | '_ \/ _` | \ \ \ \
 \\/  ___)| |_)| | | | | || (_| |  ) ) ) )
  '  |____| .__|_| |_|_| |_\__, | / / / /
 =========|_|==============|___/=/_/_/_/

 :: Spring Boot ::                (v4.1.0)

2026-09-10T19:57:15.145-03:00  INFO 31544 --- [           main] b.e.u.e.EcommerceApplicationTests        : Starting EcommerceApplicationTests using Java 21.0.7 with PID 31544 (started by phmar in C:\Users\phmar\OneDrive\Documentos\ecommerce-backend-4b\ecommerce)
2026-09-10T19:57:15.148-03:00  INFO 31544 --- [           main] b.e.u.e.EcommerceApplicationTests        : No active profile set, falling back to 1 default profile: "default"
2026-09-10T19:57:15.718-03:00  INFO 31544 --- [           main] .s.d.r.c.RepositoryConfigurationDelegate : Bootstrapping Spring Data JPA repositories in DEFAULT mode.
2026-09-10T19:57:15.844-03:00  INFO 31544 --- [           main] .s.d.r.c.RepositoryConfigurationDelegate : Finished Spring Data repository scanning in 110 ms. Found 6 JPA repository interfaces.
2026-09-10T19:57:16.436-03:00  INFO 31544 --- [           main] org.hibernate.orm.jpa                    : HHH008540: Processing PersistenceUnitInfo [name: default]
2026-09-10T19:57:16.544-03:00  INFO 31544 --- [           main] org.hibernate.orm.core                   : HHH000001: Hibernate ORM core version 7.4.1.Final
2026-09-10T19:57:17.407-03:00  INFO 31544 --- [           main] o.s.o.j.p.SpringPersistenceUnitInfo      : No LoadTimeWeaver setup: ignoring JPA class transformer
2026-09-10T19:57:17.500-03:00  INFO 31544 --- [           main] com.zaxxer.hikari.HikariDataSource       : HikariPool-1 - Starting...
2026-09-10T19:57:18.022-03:00  INFO 31544 --- [           main] com.zaxxer.hikari.pool.HikariPool        : HikariPool-1 - Added connection conn0: url=jdbc:h2:mem:ecommerce user=SA
2026-09-10T19:57:18.025-03:00  INFO 31544 --- [           main] com.zaxxer.hikari.HikariDataSource       : HikariPool-1 - Start completed.
2026-09-10T19:57:18.109-03:00  WARN 31544 --- [           main] org.hibernate.orm.deprecation            : HHH90000025: H2Dialect does not need to be specified explicitly using 'hibernate.dialect' (remove the property setting and it will be selected by default)
2026-09-10T19:57:18.185-03:00  INFO 31544 --- [           main] org.hibernate.orm.connections.pooling    : HHH10001005: Database info:
	Database JDBC URL [jdbc:h2:mem:ecommerce]
	Database driver: H2 JDBC Driver
	Database dialect: H2Dialect
	Database version: 2.4.240
	Default catalog/schema: ECOMMERCE/PUBLIC
	Autocommit mode: undefined/unknown
	Isolation level: READ_COMMITTED [default READ_COMMITTED]
	JDBC fetch size: 100
	Pool: DataSourceConnectionProvider
	Minimum pool size: undefined/unknown
	Maximum pool size: undefined/unknown
2026-09-10T19:57:19.957-03:00  INFO 31544 --- [           main] org.hibernate.orm.core                   : HHH000489: No JTA platform available (set 'hibernate.transaction.jta.platform' to enable JTA platform integration)
Hibernate: drop table if exists categoria cascade 
Hibernate: drop table if exists cliente cascade 
Hibernate: drop table if exists item_pedido cascade 
Hibernate: drop table if exists pagamento cascade 
Hibernate: drop table if exists pedido cascade 
Hibernate: drop table if exists produto cascade 
Hibernate: create table categoria (id smallint generated by default as identity, nome varchar(60) not null, descricao varchar(255), primary key (id))
Hibernate: create table cliente (id bigint generated by default as identity, cpf varchar(11) not null unique, telefone varchar(15), email varchar(120) not null unique, nome varchar(120) not null, primary key (id))
Hibernate: create table item_pedido (preco_unitario numeric(10,2) not null, quantidade integer not null, id bigint generated by default as identity, pedido_id bigint not null, produto_id bigint not null, primary key (id))
Hibernate: create table pagamento (valor numeric(10,2) not null, data_pagamento timestamp(6) not null, id bigint generated by default as identity, pedido_id bigint not null unique, forma enum ('BOLETO','CARTAO_CREDITO','CARTAO_DEBITO','PIX') not null, primary key (id))
Hibernate: create table pedido (valor_total numeric(10,2) not null, cliente_id bigint not null, data_pedido timestamp(6) not null, id bigint generated by default as identity, status enum ('AGUARDANDO_PAGAMENTO','CANCELADO','ENTREGUE','ENVIADO','PAGO') not null, primary key (id))
Hibernate: create table produto (categoria_id smallint not null, estoque integer not null, preco numeric(10,2) not null, id bigint generated by default as identity, nome varchar(120) not null, descricao varchar(255), primary key (id))
Hibernate: alter table if exists item_pedido add constraint FK60ym08cfoysa17wrn1swyiuda foreign key (pedido_id) references pedido
Hibernate: alter table if exists item_pedido add constraint FKtk55mn6d6bvl5h0no5uagi3sf foreign key (produto_id) references produto
Hibernate: alter table if exists pagamento add constraint FKthad9tkw4188hb3qo1lm5ueb0 foreign key (pedido_id) references pedido
Hibernate: alter table if exists pedido add constraint FK30s8j2ktpay6of18lbyqn3632 foreign key (cliente_id) references cliente
Hibernate: alter table if exists produto add constraint FKopu9jggwnamfv0c8k2ri3kx0a foreign key (categoria_id) references categoria
2026-09-10T19:57:20.087-03:00  INFO 31544 --- [           main] j.LocalContainerEntityManagerFactoryBean : Initialized JPA EntityManagerFactory for persistence unit 'default'
2026-09-10T19:57:20.309-03:00  INFO 31544 --- [           main] o.s.d.j.r.query.QueryEnhancerFactories   : Hibernate is in classpath; If applicable, HQL parser will be used.
2026-09-10T19:57:20.647-03:00  INFO 31544 --- [           main] b.e.u.e.EcommerceApplicationTests        : Started EcommerceApplicationTests in 5.898 seconds (process running for 8.783)
]]></system-out>
    <system-err><![CDATA[Mockito is currently self-attaching to enable the inline-mock-maker. This will no longer work in future releases of the JDK. Please add Mockito as an agent to your build as described in Mockito's documentation: https://javadoc.io/doc/org.mockito/mockito-core/latest/org.mockito/org/mockito/Mockito.html#0.3
WARNING: A Java agent has been loaded dynamically (C:\Users\phmar\.m2\repository\net\bytebuddy\byte-buddy-agent\1.18.10\byte-buddy-agent-1.18.10.jar)
WARNING: If a serviceability tool is in use, please run with -XX:+EnableDynamicAgentLoading to hide this warning
WARNING: If a serviceability tool is not in use, please run with -Djdk.instrument.traceUsage for more information
WARNING: Dynamic loading of agents will be disallowed by default in a future release
]]></system-err>
  </testcase>
</testsuite>